{"/Users/linapush/Therapy App/app.js": {"path":"/Users/linapush/Therapy App/app.js","statementMap":{"0":{"start":{"line":13,"column":0},"end":{"line":13,"column":16}},"1":{"start":{"line":15,"column":17},"end":{"line":15,"column":20}},"2":{"start":{"line":16,"column":20},"end":{"line":22,"column":2}},"3":{"start":{"line":24,"column":25},"end":{"line":24,"column":49}},"4":{"start":{"line":26,"column":12},"end":{"line":26,"column":21}},"5":{"start":{"line":29,"column":13},"end":{"line":29,"column":17}},"6":{"start":{"line":30,"column":19},"end":{"line":30,"column":49}},"7":{"start":{"line":31,"column":18},"end":{"line":31,"column":42}},"8":{"start":{"line":34,"column":0},"end":{"line":34,"column":51}},"9":{"start":{"line":35,"column":0},"end":{"line":35,"column":27}},"10":{"start":{"line":38,"column":0},"end":{"line":43,"column":4}},"11":{"start":{"line":46,"column":20},"end":{"line":50,"column":1}},"12":{"start":{"line":51,"column":0},"end":{"line":51,"column":27}},"13":{"start":{"line":54,"column":0},"end":{"line":54,"column":56}},"14":{"start":{"line":57,"column":0},"end":{"line":57,"column":25}},"15":{"start":{"line":58,"column":0},"end":{"line":58,"column":30}},"16":{"start":{"line":59,"column":0},"end":{"line":59,"column":26}},"17":{"start":{"line":62,"column":0},"end":{"line":66,"column":1}},"18":{"start":{"line":63,"column":4},"end":{"line":65,"column":7}},"19":{"start":{"line":64,"column":8},"end":{"line":64,"column":66}}},"fnMap":{"0":{"name":"(anonymous_0)","decl":{"start":{"line":63,"column":21},"end":{"line":63,"column":22}},"loc":{"start":{"line":63,"column":27},"end":{"line":65,"column":5}},"line":63}},"branchMap":{"0":{"loc":{"start":{"line":62,"column":0},"end":{"line":66,"column":1}},"type":"if","locations":[{"start":{"line":62,"column":0},"end":{"line":66,"column":1}},{"start":{},"end":{}}],"line":62}},"s":{"0":3,"1":3,"2":3,"3":3,"4":3,"5":3,"6":3,"7":3,"8":3,"9":3,"10":3,"11":3,"12":3,"13":3,"14":3,"15":3,"16":3,"17":3,"18":0,"19":0},"f":{"0":0},"b":{"0":[0,3]},"_coverageSchema":"1a1c01bbd47fc00a2c39e90264f33305004495a9","hash":"450ff0ba7325bc9966b950a768bd78bf4999e22b"}
,"/Users/linapush/Therapy App/routes/admin.js": {"path":"/Users/linapush/Therapy App/routes/admin.js","statementMap":{"0":{"start":{"line":8,"column":15},"end":{"line":8,"column":31}},"1":{"start":{"line":9,"column":19},"end":{"line":9,"column":49}},"2":{"start":{"line":10,"column":18},"end":{"line":10,"column":42}},"3":{"start":{"line":18,"column":23},"end":{"line":18,"column":51}},"4":{"start":{"line":19,"column":4},"end":{"line":23,"column":5}},"5":{"start":{"line":20,"column":8},"end":{"line":20,"column":41}},"6":{"start":{"line":21,"column":11},"end":{"line":23,"column":5}},"7":{"start":{"line":22,"column":8},"end":{"line":22,"column":34}},"8":{"start":{"line":25,"column":4},"end":{"line":27,"column":5}},"9":{"start":{"line":26,"column":8},"end":{"line":26,"column":57}},"10":{"start":{"line":29,"column":4},"end":{"line":40,"column":5}},"11":{"start":{"line":30,"column":24},"end":{"line":30,"column":67}},"12":{"start":{"line":31,"column":8},"end":{"line":31,"column":30}},"13":{"start":{"line":32,"column":8},"end":{"line":36,"column":9}},"14":{"start":{"line":33,"column":12},"end":{"line":33,"column":19}},"15":{"start":{"line":35,"column":12},"end":{"line":35,"column":98}},"16":{"start":{"line":38,"column":8},"end":{"line":38,"column":60}},"17":{"start":{"line":39,"column":8},"end":{"line":39,"column":43}},"18":{"start":{"line":44,"column":0},"end":{"line":46,"column":3}},"19":{"start":{"line":45,"column":4},"end":{"line":45,"column":62}},"20":{"start":{"line":48,"column":0},"end":{"line":56,"column":3}},"21":{"start":{"line":49,"column":4},"end":{"line":55,"column":5}},"22":{"start":{"line":50,"column":22},"end":{"line":50,"column":78}},"23":{"start":{"line":51,"column":8},"end":{"line":51,"column":29}},"24":{"start":{"line":53,"column":8},"end":{"line":53,"column":27}},"25":{"start":{"line":54,"column":8},"end":{"line":54,"column":75}},"26":{"start":{"line":59,"column":0},"end":{"line":79,"column":3}},"27":{"start":{"line":60,"column":4},"end":{"line":78,"column":5}},"28":{"start":{"line":61,"column":25},"end":{"line":73,"column":10}},"29":{"start":{"line":74,"column":8},"end":{"line":74,"column":32}},"30":{"start":{"line":76,"column":8},"end":{"line":76,"column":27}},"31":{"start":{"line":77,"column":8},"end":{"line":77,"column":61}},"32":{"start":{"line":82,"column":27},"end":{"line":82,"column":52}},"33":{"start":{"line":83,"column":4},"end":{"line":83,"column":83}},"34":{"start":{"line":83,"column":41},"end":{"line":83,"column":81}},"35":{"start":{"line":86,"column":0},"end":{"line":116,"column":3}},"36":{"start":{"line":87,"column":4},"end":{"line":87,"column":45}},"37":{"start":{"line":88,"column":58},"end":{"line":88,"column":66}},"38":{"start":{"line":90,"column":4},"end":{"line":92,"column":5}},"39":{"start":{"line":91,"column":8},"end":{"line":91,"column":80}},"40":{"start":{"line":94,"column":4},"end":{"line":115,"column":5}},"41":{"start":{"line":95,"column":28},"end":{"line":95,"column":76}},"42":{"start":{"line":96,"column":22},"end":{"line":96,"column":50}},"43":{"start":{"line":97,"column":22},"end":{"line":97,"column":31}},"44":{"start":{"line":99,"column":27},"end":{"line":102,"column":9}},"45":{"start":{"line":104,"column":8},"end":{"line":109,"column":9}},"46":{"start":{"line":105,"column":12},"end":{"line":108,"column":14}},"47":{"start":{"line":111,"column":8},"end":{"line":111,"column":105}},"48":{"start":{"line":113,"column":8},"end":{"line":113,"column":60}},"49":{"start":{"line":114,"column":8},"end":{"line":114,"column":62}},"50":{"start":{"line":119,"column":0},"end":{"line":163,"column":3}},"51":{"start":{"line":120,"column":19},"end":{"line":120,"column":29}},"52":{"start":{"line":121,"column":58},"end":{"line":121,"column":66}},"53":{"start":{"line":123,"column":4},"end":{"line":125,"column":5}},"54":{"start":{"line":124,"column":8},"end":{"line":124,"column":63}},"55":{"start":{"line":127,"column":4},"end":{"line":129,"column":5}},"56":{"start":{"line":128,"column":8},"end":{"line":128,"column":82}},"57":{"start":{"line":131,"column":4},"end":{"line":162,"column":5}},"58":{"start":{"line":132,"column":31},"end":{"line":135,"column":9}},"59":{"start":{"line":137,"column":34},"end":{"line":137,"column":36}},"60":{"start":{"line":139,"column":8},"end":{"line":156,"column":9}},"61":{"start":{"line":140,"column":33},"end":{"line":143,"column":13}},"62":{"start":{"line":145,"column":12},"end":{"line":155,"column":13}},"63":{"start":{"line":146,"column":16},"end":{"line":149,"column":18}},"64":{"start":{"line":151,"column":16},"end":{"line":154,"column":18}},"65":{"start":{"line":158,"column":8},"end":{"line":158,"column":157}},"66":{"start":{"line":160,"column":8},"end":{"line":160,"column":27}},"67":{"start":{"line":161,"column":8},"end":{"line":161,"column":62}},"68":{"start":{"line":166,"column":0},"end":{"line":181,"column":3}},"69":{"start":{"line":167,"column":19},"end":{"line":167,"column":29}},"70":{"start":{"line":169,"column":4},"end":{"line":171,"column":5}},"71":{"start":{"line":170,"column":8},"end":{"line":170,"column":63}},"72":{"start":{"line":173,"column":4},"end":{"line":180,"column":5}},"73":{"start":{"line":174,"column":8},"end":{"line":174,"column":84}},"74":{"start":{"line":175,"column":8},"end":{"line":175,"column":69}},"75":{"start":{"line":176,"column":8},"end":{"line":176,"column":55}},"76":{"start":{"line":178,"column":8},"end":{"line":178,"column":27}},"77":{"start":{"line":179,"column":8},"end":{"line":179,"column":60}}},"fnMap":{"0":{"name":"authenticateAdminToken","decl":{"start":{"line":13,"column":9},"end":{"line":13,"column":31}},"loc":{"start":{"line":13,"column":48},"end":{"line":41,"column":1}},"line":13},"1":{"name":"(anonymous_1)","decl":{"start":{"line":44,"column":45},"end":{"line":44,"column":46}},"loc":{"start":{"line":44,"column":59},"end":{"line":46,"column":1}},"line":44},"2":{"name":"(anonymous_2)","decl":{"start":{"line":48,"column":45},"end":{"line":48,"column":46}},"loc":{"start":{"line":48,"column":65},"end":{"line":56,"column":1}},"line":48},"3":{"name":"(anonymous_3)","decl":{"start":{"line":59,"column":48},"end":{"line":59,"column":49}},"loc":{"start":{"line":59,"column":68},"end":{"line":79,"column":1}},"line":59},"4":{"name":"validateSessionData","decl":{"start":{"line":81,"column":9},"end":{"line":81,"column":28}},"loc":{"start":{"line":81,"column":35},"end":{"line":84,"column":1}},"line":81},"5":{"name":"(anonymous_5)","decl":{"start":{"line":83,"column":32},"end":{"line":83,"column":33}},"loc":{"start":{"line":83,"column":41},"end":{"line":83,"column":81}},"line":83},"6":{"name":"(anonymous_6)","decl":{"start":{"line":86,"column":49},"end":{"line":86,"column":50}},"loc":{"start":{"line":86,"column":69},"end":{"line":116,"column":1}},"line":86},"7":{"name":"(anonymous_7)","decl":{"start":{"line":119,"column":52},"end":{"line":119,"column":53}},"loc":{"start":{"line":119,"column":72},"end":{"line":163,"column":1}},"line":119},"8":{"name":"(anonymous_8)","decl":{"start":{"line":166,"column":55},"end":{"line":166,"column":56}},"loc":{"start":{"line":166,"column":75},"end":{"line":181,"column":1}},"line":166}},"branchMap":{"0":{"loc":{"start":{"line":19,"column":4},"end":{"line":23,"column":5}},"type":"if","locations":[{"start":{"line":19,"column":4},"end":{"line":23,"column":5}},{"start":{"line":21,"column":11},"end":{"line":23,"column":5}}],"line":19},"1":{"loc":{"start":{"line":19,"column":8},"end":{"line":19,"column":54}},"type":"binary-expr","locations":[{"start":{"line":19,"column":8},"end":{"line":19,"column":18}},{"start":{"line":19,"column":22},"end":{"line":19,"column":54}}],"line":19},"2":{"loc":{"start":{"line":21,"column":11},"end":{"line":23,"column":5}},"type":"if","locations":[{"start":{"line":21,"column":11},"end":{"line":23,"column":5}},{"start":{},"end":{}}],"line":21},"3":{"loc":{"start":{"line":21,"column":15},"end":{"line":21,"column":47}},"type":"binary-expr","locations":[{"start":{"line":21,"column":15},"end":{"line":21,"column":26}},{"start":{"line":21,"column":30},"end":{"line":21,"column":47}}],"line":21},"4":{"loc":{"start":{"line":25,"column":4},"end":{"line":27,"column":5}},"type":"if","locations":[{"start":{"line":25,"column":4},"end":{"line":27,"column":5}},{"start":{},"end":{}}],"line":25},"5":{"loc":{"start":{"line":32,"column":8},"end":{"line":36,"column":9}},"type":"if","locations":[{"start":{"line":32,"column":8},"end":{"line":36,"column":9}},{"start":{"line":34,"column":15},"end":{"line":36,"column":9}}],"line":32},"6":{"loc":{"start":{"line":83,"column":41},"end":{"line":83,"column":81}},"type":"binary-expr","locations":[{"start":{"line":83,"column":41},"end":{"line":83,"column":52}},{"start":{"line":83,"column":56},"end":{"line":83,"column":81}}],"line":83},"7":{"loc":{"start":{"line":90,"column":4},"end":{"line":92,"column":5}},"type":"if","locations":[{"start":{"line":90,"column":4},"end":{"line":92,"column":5}},{"start":{},"end":{}}],"line":90},"8":{"loc":{"start":{"line":96,"column":22},"end":{"line":96,"column":50}},"type":"binary-expr","locations":[{"start":{"line":96,"column":22},"end":{"line":96,"column":45}},{"start":{"line":96,"column":49},"end":{"line":96,"column":50}}],"line":96},"9":{"loc":{"start":{"line":104,"column":8},"end":{"line":109,"column":9}},"type":"if","locations":[{"start":{"line":104,"column":8},"end":{"line":109,"column":9}},{"start":{},"end":{}}],"line":104},"10":{"loc":{"start":{"line":123,"column":4},"end":{"line":125,"column":5}},"type":"if","locations":[{"start":{"line":123,"column":4},"end":{"line":125,"column":5}},{"start":{},"end":{}}],"line":123},"11":{"loc":{"start":{"line":123,"column":8},"end":{"line":123,"column":24}},"type":"binary-expr","locations":[{"start":{"line":123,"column":8},"end":{"line":123,"column":11}},{"start":{"line":123,"column":15},"end":{"line":123,"column":24}}],"line":123},"12":{"loc":{"start":{"line":127,"column":4},"end":{"line":129,"column":5}},"type":"if","locations":[{"start":{"line":127,"column":4},"end":{"line":129,"column":5}},{"start":{},"end":{}}],"line":127},"13":{"loc":{"start":{"line":139,"column":8},"end":{"line":156,"column":9}},"type":"if","locations":[{"start":{"line":139,"column":8},"end":{"line":156,"column":9}},{"start":{},"end":{}}],"line":139},"14":{"loc":{"start":{"line":145,"column":12},"end":{"line":155,"column":13}},"type":"if","locations":[{"start":{"line":145,"column":12},"end":{"line":155,"column":13}},{"start":{"line":150,"column":19},"end":{"line":155,"column":13}}],"line":145},"15":{"loc":{"start":{"line":158,"column":90},"end":{"line":158,"column":154}},"type":"binary-expr","locations":[{"start":{"line":158,"column":90},"end":{"line":158,"column":136}},{"start":{"line":158,"column":140},"end":{"line":158,"column":154}}],"line":158},"16":{"loc":{"start":{"line":169,"column":4},"end":{"line":171,"column":5}},"type":"if","locations":[{"start":{"line":169,"column":4},"end":{"line":171,"column":5}},{"start":{},"end":{}}],"line":169},"17":{"loc":{"start":{"line":169,"column":8},"end":{"line":169,"column":24}},"type":"binary-expr","locations":[{"start":{"line":169,"column":8},"end":{"line":169,"column":11}},{"start":{"line":169,"column":15},"end":{"line":169,"column":24}}],"line":169}},"s":{"0":3,"1":3,"2":3,"3":11,"4":11,"5":9,"6":2,"7":0,"8":11,"9":2,"10":9,"11":9,"12":9,"13":9,"14":6,"15":3,"16":0,"17":0,"18":3,"19":1,"20":3,"21":1,"22":1,"23":1,"24":0,"25":0,"26":3,"27":0,"28":0,"29":0,"30":0,"31":0,"32":3,"33":3,"34":7,"35":3,"36":1,"37":1,"38":1,"39":0,"40":1,"41":1,"42":1,"43":1,"44":1,"45":1,"46":1,"47":1,"48":0,"49":0,"50":3,"51":2,"52":2,"53":2,"54":0,"55":2,"56":1,"57":1,"58":1,"59":1,"60":1,"61":1,"62":1,"63":0,"64":1,"65":1,"66":0,"67":0,"68":3,"69":1,"70":1,"71":0,"72":1,"73":1,"74":1,"75":1,"76":0,"77":0},"f":{"0":11,"1":1,"2":1,"3":0,"4":3,"5":7,"6":1,"7":2,"8":1},"b":{"0":[9,2],"1":[11,9],"2":[0,2],"3":[2,2],"4":[2,9],"5":[6,3],"6":[7,6],"7":[0,1],"8":[1,0],"9":[1,0],"10":[0,2],"11":[2,2],"12":[1,1],"13":[1,0],"14":[0,1],"15":[1,0],"16":[0,1],"17":[1,1]},"_coverageSchema":"1a1c01bbd47fc00a2c39e90264f33305004495a9","hash":"65aa643166953df39ed1d0f3455f446b624bde20"}
,"/Users/linapush/Therapy App/routes/auth.js": {"path":"/Users/linapush/Therapy App/routes/auth.js","statementMap":{"0":{"start":{"line":11,"column":15},"end":{"line":11,"column":31}},"1":{"start":{"line":12,"column":19},"end":{"line":12,"column":49}},"2":{"start":{"line":13,"column":18},"end":{"line":13,"column":42}},"3":{"start":{"line":14,"column":0},"end":{"line":14,"column":27}},"4":{"start":{"line":18,"column":4},"end":{"line":23,"column":7}},"5":{"start":{"line":28,"column":4},"end":{"line":28,"column":75}},"6":{"start":{"line":31,"column":0},"end":{"line":33,"column":3}},"7":{"start":{"line":32,"column":4},"end":{"line":32,"column":66}},"8":{"start":{"line":35,"column":0},"end":{"line":37,"column":3}},"9":{"start":{"line":36,"column":4},"end":{"line":36,"column":63}},"10":{"start":{"line":39,"column":0},"end":{"line":56,"column":3}},"11":{"start":{"line":40,"column":35},"end":{"line":40,"column":43}},"12":{"start":{"line":41,"column":4},"end":{"line":55,"column":5}},"13":{"start":{"line":42,"column":26},"end":{"line":42,"column":97}},"14":{"start":{"line":43,"column":8},"end":{"line":45,"column":9}},"15":{"start":{"line":44,"column":12},"end":{"line":44,"column":67}},"16":{"start":{"line":47,"column":21},"end":{"line":47,"column":27}},"17":{"start":{"line":48,"column":31},"end":{"line":48,"column":62}},"18":{"start":{"line":50,"column":8},"end":{"line":50,"column":127}},"19":{"start":{"line":51,"column":8},"end":{"line":51,"column":31}},"20":{"start":{"line":53,"column":8},"end":{"line":53,"column":56}},"21":{"start":{"line":54,"column":8},"end":{"line":54,"column":27}},"22":{"start":{"line":59,"column":0},"end":{"line":94,"column":3}},"23":{"start":{"line":60,"column":35},"end":{"line":60,"column":43}},"24":{"start":{"line":62,"column":4},"end":{"line":93,"column":5}},"25":{"start":{"line":63,"column":26},"end":{"line":63,"column":97}},"26":{"start":{"line":64,"column":8},"end":{"line":66,"column":9}},"27":{"start":{"line":65,"column":12},"end":{"line":65,"column":70}},"28":{"start":{"line":68,"column":21},"end":{"line":68,"column":38}},"29":{"start":{"line":69,"column":24},"end":{"line":69,"column":69}},"30":{"start":{"line":70,"column":8},"end":{"line":72,"column":9}},"31":{"start":{"line":71,"column":12},"end":{"line":71,"column":60}},"32":{"start":{"line":74,"column":22},"end":{"line":74,"column":61}},"33":{"start":{"line":75,"column":8},"end":{"line":75,"column":44}},"34":{"start":{"line":77,"column":8},"end":{"line":82,"column":11}},"35":{"start":{"line":84,"column":8},"end":{"line":88,"column":9}},"36":{"start":{"line":85,"column":12},"end":{"line":85,"column":34}},"37":{"start":{"line":87,"column":12},"end":{"line":87,"column":37}},"38":{"start":{"line":91,"column":8},"end":{"line":91,"column":27}},"39":{"start":{"line":92,"column":8},"end":{"line":92,"column":56}},"40":{"start":{"line":97,"column":0},"end":{"line":105,"column":3}},"41":{"start":{"line":98,"column":4},"end":{"line":104,"column":5}},"42":{"start":{"line":99,"column":8},"end":{"line":99,"column":30}},"43":{"start":{"line":100,"column":8},"end":{"line":100,"column":31}},"44":{"start":{"line":102,"column":8},"end":{"line":102,"column":44}},"45":{"start":{"line":103,"column":8},"end":{"line":103,"column":35}}},"fnMap":{"0":{"name":"setAuthToken","decl":{"start":{"line":17,"column":9},"end":{"line":17,"column":21}},"loc":{"start":{"line":17,"column":34},"end":{"line":24,"column":1}},"line":17},"1":{"name":"generateToken","decl":{"start":{"line":27,"column":9},"end":{"line":27,"column":22}},"loc":{"start":{"line":27,"column":39},"end":{"line":29,"column":1}},"line":27},"2":{"name":"(anonymous_2)","decl":{"start":{"line":31,"column":24},"end":{"line":31,"column":25}},"loc":{"start":{"line":31,"column":38},"end":{"line":33,"column":1}},"line":31},"3":{"name":"(anonymous_3)","decl":{"start":{"line":35,"column":21},"end":{"line":35,"column":22}},"loc":{"start":{"line":35,"column":35},"end":{"line":37,"column":1}},"line":35},"4":{"name":"(anonymous_4)","decl":{"start":{"line":39,"column":25},"end":{"line":39,"column":26}},"loc":{"start":{"line":39,"column":45},"end":{"line":56,"column":1}},"line":39},"5":{"name":"(anonymous_5)","decl":{"start":{"line":59,"column":22},"end":{"line":59,"column":23}},"loc":{"start":{"line":59,"column":42},"end":{"line":94,"column":1}},"line":59},"6":{"name":"(anonymous_6)","decl":{"start":{"line":97,"column":22},"end":{"line":97,"column":23}},"loc":{"start":{"line":97,"column":36},"end":{"line":105,"column":1}},"line":97}},"branchMap":{"0":{"loc":{"start":{"line":43,"column":8},"end":{"line":45,"column":9}},"type":"if","locations":[{"start":{"line":43,"column":8},"end":{"line":45,"column":9}},{"start":{},"end":{}}],"line":43},"1":{"loc":{"start":{"line":64,"column":8},"end":{"line":66,"column":9}},"type":"if","locations":[{"start":{"line":64,"column":8},"end":{"line":66,"column":9}},{"start":{},"end":{}}],"line":64},"2":{"loc":{"start":{"line":70,"column":8},"end":{"line":72,"column":9}},"type":"if","locations":[{"start":{"line":70,"column":8},"end":{"line":72,"column":9}},{"start":{},"end":{}}],"line":70},"3":{"loc":{"start":{"line":84,"column":8},"end":{"line":88,"column":9}},"type":"if","locations":[{"start":{"line":84,"column":8},"end":{"line":88,"column":9}},{"start":{"line":86,"column":15},"end":{"line":88,"column":9}}],"line":84}},"s":{"0":3,"1":3,"2":3,"3":3,"4":0,"5":1,"6":3,"7":1,"8":3,"9":1,"10":3,"11":6,"12":6,"13":6,"14":6,"15":1,"16":5,"17":5,"18":5,"19":5,"20":0,"21":0,"22":3,"23":3,"24":3,"25":3,"26":3,"27":1,"28":2,"29":2,"30":2,"31":1,"32":1,"33":1,"34":1,"35":1,"36":0,"37":1,"38":0,"39":0,"40":3,"41":1,"42":1,"43":1,"44":0,"45":0},"f":{"0":0,"1":1,"2":1,"3":1,"4":6,"5":3,"6":1},"b":{"0":[1,5],"1":[1,2],"2":[1,1],"3":[0,1]},"_coverageSchema":"1a1c01bbd47fc00a2c39e90264f33305004495a9","hash":"32bc94b48c344c688286ed0c6402ef678cafcaa3"}
,"/Users/linapush/Therapy App/routes/dashboard.js": {"path":"/Users/linapush/Therapy App/routes/dashboard.js","statementMap":{"0":{"start":{"line":10,"column":15},"end":{"line":10,"column":31}},"1":{"start":{"line":11,"column":19},"end":{"line":11,"column":49}},"2":{"start":{"line":12,"column":18},"end":{"line":12,"column":42}},"3":{"start":{"line":19,"column":23},"end":{"line":19,"column":51}},"4":{"start":{"line":20,"column":4},"end":{"line":24,"column":5}},"5":{"start":{"line":21,"column":8},"end":{"line":21,"column":41}},"6":{"start":{"line":22,"column":11},"end":{"line":24,"column":5}},"7":{"start":{"line":23,"column":8},"end":{"line":23,"column":34}},"8":{"start":{"line":25,"column":4},"end":{"line":27,"column":5}},"9":{"start":{"line":26,"column":8},"end":{"line":26,"column":57}},"10":{"start":{"line":28,"column":4},"end":{"line":35,"column":5}},"11":{"start":{"line":29,"column":24},"end":{"line":29,"column":67}},"12":{"start":{"line":30,"column":8},"end":{"line":30,"column":54}},"13":{"start":{"line":31,"column":8},"end":{"line":31,"column":30}},"14":{"start":{"line":32,"column":8},"end":{"line":32,"column":15}},"15":{"start":{"line":34,"column":8},"end":{"line":34,"column":62}},"16":{"start":{"line":39,"column":0},"end":{"line":41,"column":3}},"17":{"start":{"line":40,"column":4},"end":{"line":40,"column":66}},"18":{"start":{"line":44,"column":0},"end":{"line":70,"column":3}},"19":{"start":{"line":45,"column":4},"end":{"line":69,"column":5}},"20":{"start":{"line":46,"column":25},"end":{"line":46,"column":45}},"21":{"start":{"line":47,"column":26},"end":{"line":47,"column":97}},"22":{"start":{"line":48,"column":8},"end":{"line":50,"column":9}},"23":{"start":{"line":49,"column":12},"end":{"line":49,"column":66}},"24":{"start":{"line":51,"column":23},"end":{"line":51,"column":43}},"25":{"start":{"line":53,"column":25},"end":{"line":58,"column":9}},"26":{"start":{"line":60,"column":34},"end":{"line":63,"column":11}},"27":{"start":{"line":60,"column":64},"end":{"line":63,"column":9}},"28":{"start":{"line":65,"column":8},"end":{"line":65,"column":36}},"29":{"start":{"line":67,"column":8},"end":{"line":67,"column":27}},"30":{"start":{"line":68,"column":8},"end":{"line":68,"column":77}},"31":{"start":{"line":73,"column":0},"end":{"line":99,"column":3}},"32":{"start":{"line":74,"column":4},"end":{"line":98,"column":5}},"33":{"start":{"line":75,"column":25},"end":{"line":75,"column":45}},"34":{"start":{"line":76,"column":26},"end":{"line":76,"column":97}},"35":{"start":{"line":77,"column":8},"end":{"line":79,"column":9}},"36":{"start":{"line":78,"column":12},"end":{"line":78,"column":66}},"37":{"start":{"line":80,"column":23},"end":{"line":80,"column":43}},"38":{"start":{"line":82,"column":25},"end":{"line":87,"column":9}},"39":{"start":{"line":89,"column":34},"end":{"line":92,"column":11}},"40":{"start":{"line":89,"column":64},"end":{"line":92,"column":9}},"41":{"start":{"line":94,"column":8},"end":{"line":94,"column":36}},"42":{"start":{"line":96,"column":8},"end":{"line":96,"column":27}},"43":{"start":{"line":97,"column":8},"end":{"line":97,"column":72}},"44":{"start":{"line":102,"column":0},"end":{"line":136,"column":3}},"45":{"start":{"line":103,"column":4},"end":{"line":135,"column":5}},"46":{"start":{"line":104,"column":23},"end":{"line":104,"column":33}},"47":{"start":{"line":106,"column":25},"end":{"line":106,"column":45}},"48":{"start":{"line":107,"column":26},"end":{"line":107,"column":97}},"49":{"start":{"line":108,"column":8},"end":{"line":110,"column":9}},"50":{"start":{"line":109,"column":12},"end":{"line":109,"column":66}},"51":{"start":{"line":112,"column":23},"end":{"line":112,"column":43}},"52":{"start":{"line":114,"column":31},"end":{"line":117,"column":9}},"53":{"start":{"line":119,"column":8},"end":{"line":129,"column":9}},"54":{"start":{"line":120,"column":12},"end":{"line":123,"column":14}},"55":{"start":{"line":125,"column":12},"end":{"line":128,"column":14}},"56":{"start":{"line":131,"column":8},"end":{"line":131,"column":57}},"57":{"start":{"line":133,"column":8},"end":{"line":133,"column":27}},"58":{"start":{"line":134,"column":8},"end":{"line":134,"column":58}},"59":{"start":{"line":139,"column":0},"end":{"line":161,"column":3}},"60":{"start":{"line":140,"column":4},"end":{"line":160,"column":5}},"61":{"start":{"line":141,"column":23},"end":{"line":141,"column":33}},"62":{"start":{"line":143,"column":25},"end":{"line":143,"column":45}},"63":{"start":{"line":144,"column":26},"end":{"line":144,"column":97}},"64":{"start":{"line":145,"column":8},"end":{"line":147,"column":9}},"65":{"start":{"line":146,"column":12},"end":{"line":146,"column":66}},"66":{"start":{"line":149,"column":23},"end":{"line":149,"column":43}},"67":{"start":{"line":150,"column":8},"end":{"line":153,"column":10}},"68":{"start":{"line":156,"column":8},"end":{"line":156,"column":59}},"69":{"start":{"line":158,"column":8},"end":{"line":158,"column":27}},"70":{"start":{"line":159,"column":8},"end":{"line":159,"column":60}}},"fnMap":{"0":{"name":"authenticateToken","decl":{"start":{"line":15,"column":9},"end":{"line":15,"column":26}},"loc":{"start":{"line":15,"column":43},"end":{"line":36,"column":1}},"line":15},"1":{"name":"(anonymous_1)","decl":{"start":{"line":39,"column":44},"end":{"line":39,"column":45}},"loc":{"start":{"line":39,"column":58},"end":{"line":41,"column":1}},"line":39},"2":{"name":"(anonymous_2)","decl":{"start":{"line":44,"column":53},"end":{"line":44,"column":54}},"loc":{"start":{"line":44,"column":73},"end":{"line":70,"column":1}},"line":44},"3":{"name":"(anonymous_3)","decl":{"start":{"line":60,"column":52},"end":{"line":60,"column":53}},"loc":{"start":{"line":60,"column":64},"end":{"line":63,"column":9}},"line":60},"4":{"name":"(anonymous_4)","decl":{"start":{"line":73,"column":52},"end":{"line":73,"column":53}},"loc":{"start":{"line":73,"column":72},"end":{"line":99,"column":1}},"line":73},"5":{"name":"(anonymous_5)","decl":{"start":{"line":89,"column":52},"end":{"line":89,"column":53}},"loc":{"start":{"line":89,"column":64},"end":{"line":92,"column":9}},"line":89},"6":{"name":"(anonymous_6)","decl":{"start":{"line":102,"column":55},"end":{"line":102,"column":56}},"loc":{"start":{"line":102,"column":75},"end":{"line":136,"column":1}},"line":102},"7":{"name":"(anonymous_7)","decl":{"start":{"line":139,"column":60},"end":{"line":139,"column":61}},"loc":{"start":{"line":139,"column":80},"end":{"line":161,"column":1}},"line":139}},"branchMap":{"0":{"loc":{"start":{"line":20,"column":4},"end":{"line":24,"column":5}},"type":"if","locations":[{"start":{"line":20,"column":4},"end":{"line":24,"column":5}},{"start":{"line":22,"column":11},"end":{"line":24,"column":5}}],"line":20},"1":{"loc":{"start":{"line":20,"column":8},"end":{"line":20,"column":54}},"type":"binary-expr","locations":[{"start":{"line":20,"column":8},"end":{"line":20,"column":18}},{"start":{"line":20,"column":22},"end":{"line":20,"column":54}}],"line":20},"2":{"loc":{"start":{"line":22,"column":11},"end":{"line":24,"column":5}},"type":"if","locations":[{"start":{"line":22,"column":11},"end":{"line":24,"column":5}},{"start":{},"end":{}}],"line":22},"3":{"loc":{"start":{"line":22,"column":15},"end":{"line":22,"column":47}},"type":"binary-expr","locations":[{"start":{"line":22,"column":15},"end":{"line":22,"column":26}},{"start":{"line":22,"column":30},"end":{"line":22,"column":47}}],"line":22},"4":{"loc":{"start":{"line":25,"column":4},"end":{"line":27,"column":5}},"type":"if","locations":[{"start":{"line":25,"column":4},"end":{"line":27,"column":5}},{"start":{},"end":{}}],"line":25},"5":{"loc":{"start":{"line":48,"column":8},"end":{"line":50,"column":9}},"type":"if","locations":[{"start":{"line":48,"column":8},"end":{"line":50,"column":9}},{"start":{},"end":{}}],"line":48},"6":{"loc":{"start":{"line":77,"column":8},"end":{"line":79,"column":9}},"type":"if","locations":[{"start":{"line":77,"column":8},"end":{"line":79,"column":9}},{"start":{},"end":{}}],"line":77},"7":{"loc":{"start":{"line":108,"column":8},"end":{"line":110,"column":9}},"type":"if","locations":[{"start":{"line":108,"column":8},"end":{"line":110,"column":9}},{"start":{},"end":{}}],"line":108},"8":{"loc":{"start":{"line":119,"column":8},"end":{"line":129,"column":9}},"type":"if","locations":[{"start":{"line":119,"column":8},"end":{"line":129,"column":9}},{"start":{"line":124,"column":15},"end":{"line":129,"column":9}}],"line":119},"9":{"loc":{"start":{"line":145,"column":8},"end":{"line":147,"column":9}},"type":"if","locations":[{"start":{"line":145,"column":8},"end":{"line":147,"column":9}},{"start":{},"end":{}}],"line":145}},"s":{"0":3,"1":3,"2":3,"3":9,"4":9,"5":5,"6":4,"7":0,"8":9,"9":4,"10":5,"11":5,"12":4,"13":4,"14":4,"15":1,"16":3,"17":1,"18":3,"19":1,"20":1,"21":1,"22":1,"23":0,"24":1,"25":1,"26":1,"27":1,"28":1,"29":0,"30":0,"31":3,"32":0,"33":0,"34":0,"35":0,"36":0,"37":0,"38":0,"39":0,"40":0,"41":0,"42":0,"43":0,"44":3,"45":1,"46":1,"47":1,"48":1,"49":1,"50":0,"51":1,"52":1,"53":1,"54":1,"55":0,"56":1,"57":0,"58":0,"59":3,"60":1,"61":1,"62":1,"63":1,"64":1,"65":0,"66":1,"67":1,"68":1,"69":0,"70":0},"f":{"0":9,"1":1,"2":1,"3":1,"4":0,"5":0,"6":1,"7":1},"b":{"0":[5,4],"1":[9,5],"2":[0,4],"3":[4,4],"4":[4,5],"5":[0,1],"6":[0,0],"7":[0,1],"8":[1,0],"9":[0,1]},"_coverageSchema":"1a1c01bbd47fc00a2c39e90264f33305004495a9","hash":"754ba7a38f602a5ce1a1d03766a675ba90b8ce94"}
}
